<?xml version="1.0" encoding="UTF-8"?>
<!-- Generated by org.testng.reporters.JUnitReportReporter -->
<testsuite hostname="ADMINRG-R8NU51H" failures="0" tests="1" name="TestScenario1" time="20.858" errors="0" timestamp="2022-08-07T14:16:11 IST" skipped="0">
  <testcase classname="TestScenario1" name="Test1" time="20.858"/>
  <system-out/>
</testsuite> <!-- TestScenario1 -->
