<?xml version="1.0" encoding="UTF-8"?>
<!-- Generated by org.testng.reporters.JUnitReportReporter -->
<testsuite hostname="ADMINRG-R8NU51H" failures="0" tests="3" name="TestScenarios" time="63.794" errors="0" timestamp="2022-08-07T18:01:19 IST" skipped="0">
  <testcase classname="TestScenarios" name="Test1" time="13.580"/>
  <system-out/>
  <testcase classname="TestScenarios" name="Test2" time="15.897"/>
  <system-out/>
  <testcase classname="TestScenarios" name="Test3" time="34.317"/>
  <system-out/>
</testsuite> <!-- TestScenarios -->
